sample/build/intermediates/manifest_merge_blame_file/release/manifest-merger-blame-release-report.txt
1<?xml version="1.0" encoding="utf-8"?>
2<manifest xmlns:android="http://schemas.android.com/apk/res/android"
3    package="com.developer.mtextfield.field"
4    android:versionCode="6"
5    android:versionName="5.0.19" >
6
7    <uses-sdk
8        android:minSdkVersion="19"
8-->src\main\AndroidManifest.xml
9        android:targetSdkVersion="29" />
9-->src\main\AndroidManifest.xml
10
11    <application
11-->src\main\AndroidManifest.xml:5:5-18:19
12        android:allowBackup="true"
12-->src\main\AndroidManifest.xml:6:9-35
13        android:appComponentFactory="androidx.core.app.CoreComponentFactory"
13-->[androidx.core:core:1.1.0] AndroidManifest.xml:24:18-86
14        android:icon="@mipmap/ic_launcher"
14-->src\main\AndroidManifest.xml:7:9-43
15        android:label="@string/app_name"
15-->src\main\AndroidManifest.xml:8:9-41
16        android:supportsRtl="true"
16-->src\main\AndroidManifest.xml:9:9-35
17        android:theme="@style/AppTheme" >
17-->src\main\AndroidManifest.xml:10:9-40
18        <activity android:name="com.developer.mtextfield.field.MainActivity" >
18-->src\main\AndroidManifest.xml:12:9-17:20
18-->src\main\AndroidManifest.xml:12:19-77
19            <intent-filter>
19-->src\main\AndroidManifest.xml:13:13-16:29
20                <action android:name="android.intent.action.MAIN" />
20-->src\main\AndroidManifest.xml:14:17-69
20-->src\main\AndroidManifest.xml:14:25-66
21
22                <category android:name="android.intent.category.LAUNCHER" />
22-->src\main\AndroidManifest.xml:15:17-77
22-->src\main\AndroidManifest.xml:15:27-74
23            </intent-filter>
24        </activity>
25    </application>
26
27</manifest>